<?xml version="1.0" encoding="UTF-8"?>
<testng-results skipped="0" failed="0" total="0" passed="0">
  <reporter-output>
  </reporter-output>
  <suite name="com.hybridFramwork.com.hybridFramwork.AppTest" duration-ms="6" started-at="2017-12-26T15:05:32Z" finished-at="2017-12-26T15:05:32Z">
    <groups>
    </groups>
    <test name="Command line test" duration-ms="6" started-at="2017-12-26T15:05:32Z" finished-at="2017-12-26T15:05:32Z">
    </test> <!-- Command line test -->
  </suite> <!-- com.hybridFramwork.com.hybridFramwork.AppTest -->
</testng-results>
